TN:
SF:/Users/cliffano/dev/workspace/couchpenter/lib/cli.js
FN:5,_init
FN:9,_task
FN:10,(anonymous_3)
FN:15,(anonymous_4)
FN:16,(anonymous_5)
FN:30,exec
FN:57,(anonymous_7)
FNF:7
FNH:7
FNDA:1,_init
FNDA:210,_task
FNDA:13,(anonymous_3)
FNDA:13,(anonymous_4)
FNDA:26,(anonymous_5)
FNDA:15,exec
FNDA:210,(anonymous_7)
DA:1,1
DA:5,1
DA:6,1
DA:9,1
DA:10,210
DA:11,13
DA:15,13
DA:16,13
DA:17,26
DA:18,13
DA:20,13
DA:30,1
DA:34,15
DA:51,15
DA:57,15
DA:58,210
DA:61,15
DA:64,1
LF:18
LH:18
BRDA:17,1,0,13
BRDA:17,1,1,13
BRF:2
BRH:2
end_of_record
TN:
SF:/Users/cliffano/dev/workspace/couchpenter/lib/couchpenter.js
FN:20,Couchpenter
FN:38,(anonymous_2)
FN:51,(anonymous_3)
FN:60,(anonymous_4)
FN:69,(anonymous_5)
FN:78,(anonymous_6)
FN:87,(anonymous_7)
FN:96,(anonymous_8)
FN:105,(anonymous_9)
FN:114,(anonymous_10)
FN:123,(anonymous_11)
FN:132,(anonymous_12)
FN:141,(anonymous_13)
FN:150,(anonymous_14)
FN:162,(anonymous_15)
FN:167,(anonymous_16)
FN:170,(anonymous_17)
FN:187,(anonymous_18)
FN:197,(anonymous_19)
FN:205,(anonymous_20)
FN:211,(anonymous_21)
FN:212,(anonymous_22)
FN:218,(anonymous_23)
FN:220,(anonymous_24)
FN:238,(anonymous_25)
FN:239,(anonymous_26)
FNF:26
FNH:26
FNDA:41,Couchpenter
FNDA:1,(anonymous_2)
FNDA:1,(anonymous_3)
FNDA:1,(anonymous_4)
FNDA:1,(anonymous_5)
FNDA:1,(anonymous_6)
FNDA:1,(anonymous_7)
FNDA:2,(anonymous_8)
FNDA:1,(anonymous_9)
FNDA:1,(anonymous_10)
FNDA:1,(anonymous_11)
FNDA:2,(anonymous_12)
FNDA:1,(anonymous_13)
FNDA:2,(anonymous_14)
FNDA:3,(anonymous_15)
FNDA:1,(anonymous_16)
FNDA:1,(anonymous_17)
FNDA:1,(anonymous_18)
FNDA:21,(anonymous_19)
FNDA:1,(anonymous_20)
FNDA:28,(anonymous_21)
FNDA:28,(anonymous_22)
FNDA:21,(anonymous_23)
FNDA:28,(anonymous_24)
FNDA:18,(anonymous_25)
FNDA:18,(anonymous_26)
DA:1,1
DA:20,1
DA:21,41
DA:23,41
DA:24,41
DA:38,1
DA:39,1
DA:40,1
DA:51,1
DA:52,1
DA:60,1
DA:61,1
DA:69,1
DA:70,1
DA:78,1
DA:79,1
DA:87,1
DA:88,1
DA:96,1
DA:97,2
DA:105,1
DA:106,1
DA:114,1
DA:115,1
DA:123,1
DA:124,1
DA:132,1
DA:133,2
DA:141,1
DA:142,1
DA:150,1
DA:151,2
DA:162,1
DA:163,3
DA:164,3
DA:165,2
DA:168,1
DA:171,1
DA:178,1
DA:179,1
DA:187,1
DA:188,1
DA:197,1
DA:198,21
DA:204,21
DA:205,1
DA:206,1
DA:207,1
DA:211,21
DA:212,28
DA:213,28
DA:214,28
DA:218,21
DA:219,21
DA:220,21
DA:221,28
DA:223,21
DA:238,1
DA:239,18
DA:240,18
DA:241,4
DA:242,4
DA:243,2
DA:244,1
DA:246,1
DA:248,2
DA:249,1
DA:253,17
DA:256,1
LF:69
LH:69
BRDA:21,1,0,41
BRDA:21,1,1,6
BRDA:23,2,0,41
BRDA:23,2,1,6
BRDA:23,2,2,6
BRDA:25,3,0,41
BRDA:25,3,1,27
BRDA:26,4,0,41
BRDA:26,4,1,28
BRDA:164,5,0,2
BRDA:164,5,1,1
BRDA:198,6,0,21
BRDA:198,6,1,1
BRDA:204,7,0,1
BRDA:204,7,1,20
BRDA:213,8,0,14
BRDA:213,8,1,14
BRDA:242,9,0,2
BRDA:242,9,1,2
BRDA:243,10,0,1
BRDA:243,10,1,1
BRDA:248,11,0,1
BRDA:248,11,1,1
BRDA:248,12,0,2
BRDA:248,12,1,2
BRF:25
BRH:25
end_of_record
TN:
SF:/Users/cliffano/dev/workspace/couchpenter/lib/db.js
FN:22,Db
FN:44,(anonymous_2)
FN:47,(anonymous_3)
FN:48,task
FN:65,(anonymous_5)
FN:68,(anonymous_6)
FN:69,task
FN:87,(anonymous_8)
FN:89,(anonymous_9)
FN:94,(anonymous_10)
FN:110,(anonymous_11)
FN:113,(anonymous_12)
FN:114,(anonymous_13)
FN:115,task
FN:134,(anonymous_15)
FN:138,(anonymous_16)
FN:139,(anonymous_17)
FN:140,task
FN:143,_errorCb
FN:146,_successCb
FN:187,(anonymous_21)
FN:190,(anonymous_22)
FN:191,(anonymous_23)
FN:192,task
FN:195,_successCb
FN:222,(anonymous_26)
FN:227,(anonymous_27)
FN:228,(anonymous_28)
FN:230,(anonymous_29)
FN:238,(anonymous_30)
FN:261,(anonymous_31)
FN:265,_cloneSetup
FN:268,(anonymous_33)
FN:269,(anonymous_34)
FN:281,_startViewIndexTask
FN:283,(anonymous_36)
FN:284,(anonymous_37)
FN:289,(anonymous_38)
FN:296,_indexProgressTask
FN:297,(anonymous_40)
FN:300,(anonymous_41)
FN:303,(anonymous_42)
FN:308,(anonymous_43)
FN:320,(anonymous_44)
FN:327,_overwriteOldDesignDocTask
FN:328,(anonymous_46)
FN:329,headCb
FN:337,(anonymous_48)
FN:353,(anonymous_49)
FN:354,(anonymous_50)
FN:360,_executeSeriesOfTasks
FN:362,(anonymous_52)
FN:363,(anonymous_53)
FN:364,(anonymous_54)
FN:365,(anonymous_55)
FN:366,(anonymous_56)
FN:377,(anonymous_57)
FN:382,_result
FN:393,(anonymous_59)
FNF:59
FNH:59
FNDA:49,Db
FNDA:2,(anonymous_2)
FNDA:4,(anonymous_3)
FNDA:4,task
FNDA:2,(anonymous_5)
FNDA:4,(anonymous_6)
FNDA:4,task
FNDA:3,(anonymous_8)
FNDA:3,(anonymous_9)
FNDA:5,(anonymous_10)
FNDA:2,(anonymous_11)
FNDA:4,(anonymous_12)
FNDA:6,(anonymous_13)
FNDA:6,task
FNDA:4,(anonymous_15)
FNDA:7,(anonymous_16)
FNDA:9,(anonymous_17)
FNDA:9,task
FNDA:3,_errorCb
FNDA:3,_successCb
FNDA:3,(anonymous_21)
FNDA:5,(anonymous_22)
FNDA:6,(anonymous_23)
FNDA:6,task
FNDA:3,_successCb
FNDA:2,(anonymous_26)
FNDA:2,(anonymous_27)
FNDA:3,(anonymous_28)
FNDA:1,(anonymous_29)
FNDA:2,(anonymous_30)
FNDA:5,(anonymous_31)
FNDA:5,_cloneSetup
FNDA:5,(anonymous_33)
FNDA:8,(anonymous_34)
FNDA:7,_startViewIndexTask
FNDA:7,(anonymous_36)
FNDA:7,(anonymous_37)
FNDA:7,(anonymous_38)
FNDA:7,_indexProgressTask
FNDA:7,(anonymous_40)
FNDA:14,(anonymous_41)
FNDA:7,(anonymous_42)
FNDA:7,(anonymous_43)
FNDA:7,(anonymous_44)
FNDA:7,_overwriteOldDesignDocTask
FNDA:7,(anonymous_46)
FNDA:7,headCb
FNDA:7,(anonymous_48)
FNDA:5,(anonymous_49)
FNDA:7,(anonymous_50)
FNDA:5,_executeSeriesOfTasks
FNDA:5,(anonymous_52)
FNDA:5,(anonymous_53)
FNDA:5,(anonymous_54)
FNDA:5,(anonymous_55)
FNDA:5,(anonymous_56)
FNDA:44,(anonymous_57)
FNDA:32,_result
FNDA:44,(anonymous_59)
DA:1,1
DA:22,1
DA:23,49
DA:26,49
DA:29,49
DA:30,1
DA:33,49
DA:34,49
DA:35,49
DA:44,1
DA:45,2
DA:47,2
DA:48,1
DA:49,4
DA:54,4
DA:56,2
DA:65,1
DA:66,2
DA:68,2
DA:69,1
DA:70,4
DA:75,4
DA:77,2
DA:87,1
DA:88,3
DA:89,3
DA:90,3
DA:91,1
DA:93,2
DA:94,2
DA:95,5
DA:96,1
DA:99,2
DA:110,1
DA:111,2
DA:113,2
DA:114,4
DA:115,1
DA:116,6
DA:122,6
DA:125,2
DA:134,1
DA:135,4
DA:136,4
DA:138,4
DA:139,7
DA:140,1
DA:143,1
DA:146,1
DA:152,3
DA:153,3
DA:160,3
DA:167,9
DA:175,9
DA:178,4
DA:187,1
DA:188,3
DA:190,3
DA:191,5
DA:192,1
DA:195,1
DA:197,3
DA:204,6
DA:210,6
DA:213,3
DA:222,1
DA:224,2
DA:225,2
DA:227,2
DA:228,2
DA:229,3
DA:230,1
DA:232,1
DA:238,1
DA:240,2
DA:251,2
DA:261,1
DA:262,5
DA:263,5
DA:265,1
DA:266,5
DA:268,5
DA:269,5
DA:270,8
DA:271,7
DA:273,1
DA:278,5
DA:281,1
DA:282,7
DA:283,7
DA:284,7
DA:285,7
DA:292,7
DA:296,1
DA:297,7
DA:298,7
DA:299,7
DA:301,14
DA:304,7
DA:309,7
DA:310,6
DA:311,6
DA:313,1
DA:314,1
DA:318,7
DA:321,7
DA:327,1
DA:328,7
DA:329,1
DA:330,7
DA:337,7
DA:338,7
DA:339,2
DA:341,5
DA:347,5
DA:353,5
DA:354,5
DA:355,7
DA:356,7
DA:357,7
DA:360,1
DA:361,5
DA:362,5
DA:363,5
DA:364,5
DA:365,5
DA:366,5
DA:370,5
DA:373,5
DA:377,1
DA:378,44
DA:382,1
DA:383,32
DA:387,32
DA:388,14
DA:390,32
DA:393,44
DA:394,44
DA:396,19
DA:397,4
DA:399,15
DA:400,14
DA:403,1
DA:407,25
DA:408,7
DA:411,18
DA:417,1
LF:147
LH:147
BRDA:29,1,0,1
BRDA:29,1,1,48
BRDA:33,2,0,28
BRDA:33,2,1,21
BRDA:33,3,0,49
BRDA:33,3,1,49
BRDA:34,4,0,5
BRDA:34,4,1,44
BRDA:34,5,0,49
BRDA:34,5,1,49
BRDA:35,6,0,1
BRDA:35,6,1,48
BRDA:35,7,0,49
BRDA:35,7,1,49
BRDA:90,8,0,1
BRDA:90,8,1,2
BRDA:95,9,0,1
BRDA:95,9,1,4
BRDA:229,10,0,1
BRDA:229,10,1,2
BRDA:229,11,0,3
BRDA:229,11,1,3
BRDA:229,11,2,1
BRDA:270,12,0,7
BRDA:270,12,1,1
BRDA:270,13,0,8
BRDA:270,13,1,8
BRDA:270,13,2,7
BRDA:309,14,0,6
BRDA:309,14,1,1
BRDA:338,15,0,2
BRDA:338,15,1,5
BRDA:384,16,0,24
BRDA:384,16,1,8
BRDA:384,17,0,32
BRDA:384,17,1,8
BRDA:385,18,0,32
BRDA:385,18,1,14
BRDA:387,19,0,14
BRDA:387,19,1,18
BRDA:394,20,0,19
BRDA:394,20,1,25
BRDA:396,21,0,4
BRDA:396,21,1,15
BRDA:396,22,0,19
BRDA:396,22,1,7
BRDA:399,23,0,14
BRDA:399,23,1,1
BRDA:407,24,0,7
BRDA:407,24,1,18
BRF:50
BRH:50
end_of_record
